105.10.26 19:04 B D:\fernando\ASMs\caract-optimas\entrena_car_opt_phf\an-u3-14-05-al.con --> 132.248.36.229 /export/home/arambula/asms/caract-optimas/entrena_car_opt_phf an-u3-14-05-al.con
105.10.26 19:04 B D:\fernando\ASMs\caract-optimas\entrena_car_opt_phf\an-u3-15-05-al.con --> 132.248.36.229 /export/home/arambula/asms/caract-optimas/entrena_car_opt_phf an-u3-15-05-al.con
105.10.26 19:04 B D:\fernando\ASMs\caract-optimas\entrena_car_opt_phf\muestreo_60car_phf.asv --> 132.248.36.229 /export/home/arambula/asms/caract-optimas/entrena_car_opt_phf muestreo_60car_phf.asv
105.10.26 19:04 B D:\fernando\ASMs\caract-optimas\entrena_car_opt_phf\muestreo_60car_phf.m --> 132.248.36.229 /export/home/arambula/asms/caract-optimas/entrena_car_opt_phf muestreo_60car_phf.m
105.10.26 19:04 B D:\fernando\ASMs\caract-optimas\entrena_car_opt_phf\muestreo_60car_vent25_ver3_binv.m --> 132.248.36.229 /export/home/arambula/asms/caract-optimas/entrena_car_opt_phf muestreo_60car_vent25_ver3_binv.m
105.10.26 19:04 B D:\fernando\ASMs\caract-optimas\entrena_car_opt_phf\U3-14-05.BMP --> 132.248.36.229 /export/home/arambula/asms/caract-optimas/entrena_car_opt_phf U3-14-05.BMP
105.10.26 19:04 B D:\fernando\ASMs\caract-optimas\entrena_car_opt_phf\U3-15-05.BMP --> 132.248.36.229 /export/home/arambula/asms/caract-optimas/entrena_car_opt_phf U3-15-05.BMP
105.10.26 19:04 B D:\fernando\ASMs\caract-optimas\entrena_car_opt_phf\xyg_60car_prosu3-14-05.txt --> 132.248.36.229 /export/home/arambula/asms/caract-optimas/entrena_car_opt_phf xyg_60car_prosu3-14-05.txt
105.10.26 19:04 B D:\fernando\ASMs\caract-optimas\entrena_car_opt_phf\xyg_60car_prosu3-15-05.txt --> 132.248.36.229 /export/home/arambula/asms/caract-optimas/entrena_car_opt_phf xyg_60car_prosu3-15-05.txt
105.10.28 18:54 B D:\fernando\ASMs\caract-optimas\entrena_car_opt_phf\an-u3-14-05-al.con <-- Ipswitch /export/home/arambula/asms/caract-optimas/entrena_car_opt_phf an-u3-14-05-al.con
105.10.28 18:54 B D:\fernando\ASMs\caract-optimas\entrena_car_opt_phf\an-u3-15-02-al.con <-- Ipswitch /export/home/arambula/asms/caract-optimas/entrena_car_opt_phf an-u3-15-02-al.con
105.10.28 18:54 B D:\fernando\ASMs\caract-optimas\entrena_car_opt_phf\an-u3-15-03-al.con <-- Ipswitch /export/home/arambula/asms/caract-optimas/entrena_car_opt_phf an-u3-15-03-al.con
105.10.28 18:54 B D:\fernando\ASMs\caract-optimas\entrena_car_opt_phf\an-u3-15-05-al.con <-- Ipswitch /export/home/arambula/asms/caract-optimas/entrena_car_opt_phf an-u3-15-05-al.con
105.10.28 18:54 B D:\fernando\ASMs\caract-optimas\entrena_car_opt_phf\muestreo_60car_phf.asv <-- Ipswitch /export/home/arambula/asms/caract-optimas/entrena_car_opt_phf muestreo_60car_phf.asv
105.10.28 18:54 B D:\fernando\ASMs\caract-optimas\entrena_car_opt_phf\muestreo_60car_phf.m <-- Ipswitch /export/home/arambula/asms/caract-optimas/entrena_car_opt_phf muestreo_60car_phf.m
105.10.28 18:54 B D:\fernando\ASMs\caract-optimas\entrena_car_opt_phf\muestreo_60car_vent25_binv_rev.m <-- Ipswitch /export/home/arambula/asms/caract-optimas/entrena_car_opt_phf muestreo_60car_vent25_binv_rev.m
105.10.28 18:54 B D:\fernando\ASMs\caract-optimas\entrena_car_opt_phf\muestreo_60car_vent25_binv_rev.m~ <-- Ipswitch /export/home/arambula/asms/caract-optimas/entrena_car_opt_phf muestreo_60car_vent25_binv_rev.m~
105.10.28 18:54 B D:\fernando\ASMs\caract-optimas\entrena_car_opt_phf\muestreo_60car_vent25_ver3_binv.m <-- Ipswitch /export/home/arambula/asms/caract-optimas/entrena_car_opt_phf muestreo_60car_vent25_ver3_binv.m
105.10.28 18:54 B D:\fernando\ASMs\caract-optimas\entrena_car_opt_phf\prueba_grafi.m <-- Ipswitch /export/home/arambula/asms/caract-optimas/entrena_car_opt_phf prueba_grafi.m
105.10.28 18:54 B D:\fernando\ASMs\caract-optimas\entrena_car_opt_phf\prueba_grafi.m~ <-- Ipswitch /export/home/arambula/asms/caract-optimas/entrena_car_opt_phf prueba_grafi.m~
105.10.28 18:54 B D:\fernando\ASMs\caract-optimas\entrena_car_opt_phf\u3-14-05.bmp <-- Ipswitch /export/home/arambula/asms/caract-optimas/entrena_car_opt_phf u3-14-05.bmp
105.10.28 18:54 B D:\fernando\ASMs\caract-optimas\entrena_car_opt_phf\u3-15-02.bmp <-- Ipswitch /export/home/arambula/asms/caract-optimas/entrena_car_opt_phf u3-15-02.bmp
105.10.28 18:54 B D:\fernando\ASMs\caract-optimas\entrena_car_opt_phf\u3-15-03.bmp <-- Ipswitch /export/home/arambula/asms/caract-optimas/entrena_car_opt_phf u3-15-03.bmp
105.10.28 18:54 B D:\fernando\ASMs\caract-optimas\entrena_car_opt_phf\u3-15-05.bmp <-- Ipswitch /export/home/arambula/asms/caract-optimas/entrena_car_opt_phf u3-15-05.bmp
105.10.28 18:54 B D:\fernando\ASMs\caract-optimas\entrena_car_opt_phf\v5x5_xyg_60car_binvu3-15-02_r1.txt <-- Ipswitch /export/home/arambula/asms/caract-optimas/entrena_car_opt_phf v5x5_xyg_60car_binvu3-15-02_r1.txt
105.10.28 18:54 B D:\fernando\ASMs\caract-optimas\entrena_car_opt_phf\xyg_60car_prosu3-14-05.txt <-- Ipswitch /export/home/arambula/asms/caract-optimas/entrena_car_opt_phf xyg_60car_prosu3-14-05.txt
105.10.28 18:54 B D:\fernando\ASMs\caract-optimas\entrena_car_opt_phf\xyg_60car_prosu3-15-05.txt <-- Ipswitch /export/home/arambula/asms/caract-optimas/entrena_car_opt_phf xyg_60car_prosu3-15-05.txt
105.11.02 11:38 B D:\fernando\ASMs\caract-optimas\entrena_car_opt_phf\an-u3-14-05-al.con <-- Ipswitch /export/home/arambula/asms/caract-optimas/entrena_car_opt_phf an-u3-14-05-al.con
105.11.02 11:38 B D:\fernando\ASMs\caract-optimas\entrena_car_opt_phf\an-u3-15-02-al.con <-- Ipswitch /export/home/arambula/asms/caract-optimas/entrena_car_opt_phf an-u3-15-02-al.con
105.11.02 11:38 B D:\fernando\ASMs\caract-optimas\entrena_car_opt_phf\an-u3-15-03-al.con <-- Ipswitch /export/home/arambula/asms/caract-optimas/entrena_car_opt_phf an-u3-15-03-al.con
105.11.02 11:38 B D:\fernando\ASMs\caract-optimas\entrena_car_opt_phf\an-u3-15-05-al.con <-- Ipswitch /export/home/arambula/asms/caract-optimas/entrena_car_opt_phf an-u3-15-05-al.con
105.11.02 11:38 B D:\fernando\ASMs\caract-optimas\entrena_car_opt_phf\muestreo_60car_phf.asv <-- Ipswitch /export/home/arambula/asms/caract-optimas/entrena_car_opt_phf muestreo_60car_phf.asv
105.11.02 11:38 B D:\fernando\ASMs\caract-optimas\entrena_car_opt_phf\muestreo_60car_phf.m <-- Ipswitch /export/home/arambula/asms/caract-optimas/entrena_car_opt_phf muestreo_60car_phf.m
105.11.02 11:38 B D:\fernando\ASMs\caract-optimas\entrena_car_opt_phf\muestreo_60car_vent25_binv_rev.m <-- Ipswitch /export/home/arambula/asms/caract-optimas/entrena_car_opt_phf muestreo_60car_vent25_binv_rev.m
105.11.02 11:38 B D:\fernando\ASMs\caract-optimas\entrena_car_opt_phf\muestreo_60car_vent25_binv_rev.m~ <-- Ipswitch /export/home/arambula/asms/caract-optimas/entrena_car_opt_phf muestreo_60car_vent25_binv_rev.m~
105.11.02 11:38 B D:\fernando\ASMs\caract-optimas\entrena_car_opt_phf\muestreo_60car_vent25_ver3_binv.m <-- Ipswitch /export/home/arambula/asms/caract-optimas/entrena_car_opt_phf muestreo_60car_vent25_ver3_binv.m
105.11.02 11:38 B D:\fernando\ASMs\caract-optimas\entrena_car_opt_phf\prueba_grafi.m <-- Ipswitch /export/home/arambula/asms/caract-optimas/entrena_car_opt_phf prueba_grafi.m
105.11.02 11:38 B D:\fernando\ASMs\caract-optimas\entrena_car_opt_phf\prueba_grafi.m~ <-- Ipswitch /export/home/arambula/asms/caract-optimas/entrena_car_opt_phf prueba_grafi.m~
105.11.02 11:38 B D:\fernando\ASMs\caract-optimas\entrena_car_opt_phf\u3-14-05.bmp <-- Ipswitch /export/home/arambula/asms/caract-optimas/entrena_car_opt_phf u3-14-05.bmp
105.11.02 11:38 B D:\fernando\ASMs\caract-optimas\entrena_car_opt_phf\u3-15-02.bmp <-- Ipswitch /export/home/arambula/asms/caract-optimas/entrena_car_opt_phf u3-15-02.bmp
105.11.02 11:38 B D:\fernando\ASMs\caract-optimas\entrena_car_opt_phf\u3-15-03.bmp <-- Ipswitch /export/home/arambula/asms/caract-optimas/entrena_car_opt_phf u3-15-03.bmp
105.11.02 11:38 B D:\fernando\ASMs\caract-optimas\entrena_car_opt_phf\u3-15-05.bmp <-- Ipswitch /export/home/arambula/asms/caract-optimas/entrena_car_opt_phf u3-15-05.bmp
105.11.02 11:38 B D:\fernando\ASMs\caract-optimas\entrena_car_opt_phf\v5x5_xyg_60car_binvu3-15-02_r1.txt <-- Ipswitch /export/home/arambula/asms/caract-optimas/entrena_car_opt_phf v5x5_xyg_60car_binvu3-15-02_r1.txt
105.11.02 11:38 B D:\fernando\ASMs\caract-optimas\entrena_car_opt_phf\v5x5_xyg_60car_binvu3-15-02_r2.txt <-- Ipswitch /export/home/arambula/asms/caract-optimas/entrena_car_opt_phf v5x5_xyg_60car_binvu3-15-02_r2.txt
105.11.02 11:38 B D:\fernando\ASMs\caract-optimas\entrena_car_opt_phf\v5x5_xyg_60car_binvu3-15-02_r3.txt <-- Ipswitch /export/home/arambula/asms/caract-optimas/entrena_car_opt_phf v5x5_xyg_60car_binvu3-15-02_r3.txt
105.11.02 11:38 B D:\fernando\ASMs\caract-optimas\entrena_car_opt_phf\v5x5_xyg_60car_binvu3-15-02_r4.txt <-- Ipswitch /export/home/arambula/asms/caract-optimas/entrena_car_opt_phf v5x5_xyg_60car_binvu3-15-02_r4.txt
105.11.02 11:38 B D:\fernando\ASMs\caract-optimas\entrena_car_opt_phf\v5x5_xyg_60car_binvu3-15-02_r5.txt <-- Ipswitch /export/home/arambula/asms/caract-optimas/entrena_car_opt_phf v5x5_xyg_60car_binvu3-15-02_r5.txt
105.11.02 11:38 B D:\fernando\ASMs\caract-optimas\entrena_car_opt_phf\v5x5_xyg_60car_binvu3-15-03_r1.txt <-- Ipswitch /export/home/arambula/asms/caract-optimas/entrena_car_opt_phf v5x5_xyg_60car_binvu3-15-03_r1.txt
105.11.02 11:38 B D:\fernando\ASMs\caract-optimas\entrena_car_opt_phf\v5x5_xyg_60car_binvu3-15-03_r2.txt <-- Ipswitch /export/home/arambula/asms/caract-optimas/entrena_car_opt_phf v5x5_xyg_60car_binvu3-15-03_r2.txt
105.11.02 11:38 B D:\fernando\ASMs\caract-optimas\entrena_car_opt_phf\v5x5_xyg_60car_binvu3-15-03_r3.txt <-- Ipswitch /export/home/arambula/asms/caract-optimas/entrena_car_opt_phf v5x5_xyg_60car_binvu3-15-03_r3.txt
105.11.02 11:38 B D:\fernando\ASMs\caract-optimas\entrena_car_opt_phf\v5x5_xyg_60car_binvu3-15-03_r4.txt <-- Ipswitch /export/home/arambula/asms/caract-optimas/entrena_car_opt_phf v5x5_xyg_60car_binvu3-15-03_r4.txt
105.11.02 11:38 B D:\fernando\ASMs\caract-optimas\entrena_car_opt_phf\v5x5_xyg_60car_binvu3-15-03_r5.txt <-- Ipswitch /export/home/arambula/asms/caract-optimas/entrena_car_opt_phf v5x5_xyg_60car_binvu3-15-03_r5.txt
105.11.02 11:38 B D:\fernando\ASMs\caract-optimas\entrena_car_opt_phf\xyg_60car_prosu3-14-05.txt <-- Ipswitch /export/home/arambula/asms/caract-optimas/entrena_car_opt_phf xyg_60car_prosu3-14-05.txt
105.11.02 11:38 B D:\fernando\ASMs\caract-optimas\entrena_car_opt_phf\xyg_60car_prosu3-15-05.txt <-- Ipswitch /export/home/arambula/asms/caract-optimas/entrena_car_opt_phf xyg_60car_prosu3-15-05.txt
105.11.03 20:31 B D:\fernando\ASMs\caract-optimas\entrena_car_opt_phf\muestreo_60car_vent25_binv_rev.m <-- Ipswitch /export/home/arambula/asms/caract-optimas/entrena_car_opt_phf muestreo_60car_vent25_binv_rev.m
105.11.03 21:32 B D:\fernando\ASMs\caract-optimas\entrena_car_opt_phf\muestreo_60car_vent25_binv_rev.m --> 132.248.36.229 /export/home/arambula/asms/caract-optimas/entrena_car_opt_phf muestreo_60car_vent25_binv_rev.m
105.11.03 21:50 B D:\fernando\ASMs\caract-optimas\entrena_car_opt_phf\muestreo_60car_vent25_binv_rev.m --> 132.248.36.229 /export/home/arambula/asms/caract-optimas/entrena_car_opt_phf muestreo_60car_vent25_binv_rev.m
105.11.04 18:16 B D:\fernando\ASMs\caract-optimas\entrena_car_opt_phf\v5x5_xyg_60car_binvu3-15-03_r1.txt <-- Ipswitch /export/home/arambula/asms/caract-optimas/entrena_car_opt_phf v5x5_xyg_60car_binvu3-15-03_r1.txt
105.11.04 18:39 B D:\fernando\ASMs\caract-optimas\entrena_car_opt_phf\muestreo_60car_vent25_binv_rev_p.m --> 132.248.36.229 /export/home/arambula/asms/caract-optimas/entrena_car_opt_phf muestreo_60car_vent25_binv_rev_p.m
105.11.08 17:37 B D:\fernando\ASMs\caract-optimas\entrena_car_opt_phf\muestreo_60car_vent25_binv_rev_p.m --> 132.248.36.229 /export/home/arambula/asms/caract-optimas/entrena_car_opt_phf muestreo_60car_vent25_binv_rev_p.m
105.11.08 18:06 B D:\fernando\ASMs\caract-optimas\entrena_car_opt_phf\prueba_v5x5_xyg_60car_binvu3-15-03_r5_sun.txt <-- Ipswitch /export/home/arambula/asms/caract-optimas/entrena_car_opt_phf prueba_v5x5_xyg_60car_binvu3-15-03_r5_sun.txt
105.11.09 19:04 B D:\fernando\ASMs\caract-optimas\entrena_car_opt_phf\v5x5_xyg_60car_binvu3-15-03_r5.txt <-- Ipswitch /export/home/arambula/asms/caract-optimas/entrena_car_opt_phf v5x5_xyg_60car_binvu3-15-03_r5.txt
105.11.10 21:11 B D:\fernando\ASMs\caract-optimas\entrena_car_opt_phf\v5x5_xyg_60car_binvu3-15-03_r1.txt <-- Ipswitch /export/home/arambula/asms/caract-optimas/entrena_car_opt_phf v5x5_xyg_60car_binvu3-15-03_r1.txt
105.11.10 21:11 B D:\fernando\ASMs\caract-optimas\entrena_car_opt_phf\v5x5_xyg_60car_binvu3-15-03_r2.txt <-- Ipswitch /export/home/arambula/asms/caract-optimas/entrena_car_opt_phf v5x5_xyg_60car_binvu3-15-03_r2.txt
105.11.10 21:11 B D:\fernando\ASMs\caract-optimas\entrena_car_opt_phf\v5x5_xyg_60car_binvu3-15-03_r3.txt <-- Ipswitch /export/home/arambula/asms/caract-optimas/entrena_car_opt_phf v5x5_xyg_60car_binvu3-15-03_r3.txt
105.11.10 21:11 B D:\fernando\ASMs\caract-optimas\entrena_car_opt_phf\v5x5_xyg_60car_binvu3-15-03_r4.txt <-- Ipswitch /export/home/arambula/asms/caract-optimas/entrena_car_opt_phf v5x5_xyg_60car_binvu3-15-03_r4.txt
105.11.10 21:11 B D:\fernando\ASMs\caract-optimas\entrena_car_opt_phf\v5x5_xyg_60car_binvu3-15-03_r5.txt <-- Ipswitch /export/home/arambula/asms/caract-optimas/entrena_car_opt_phf v5x5_xyg_60car_binvu3-15-03_r5.txt
