104.12.20 19:59 B D:\fernando\ASMs\caract-optimas\mpga-asm-optimas\1604-mpga-asmtif <-- Ipswitch /export/home/arambula/asms/caract-optimas/mpga-asm-optimas 1604-mpga-asmtif
104.12.20 19:59 B D:\fernando\ASMs\caract-optimas\mpga-asm-optimas\1604-mpga35-asm25 <-- Ipswitch /export/home/arambula/asms/caract-optimas/mpga-asm-optimas 1604-mpga35-asm25
104.12.20 20:00 B D:\fernando\ASMs\caract-optimas\mpga-asm-optimas\1fbw-u3-22-04.tif <-- Ipswitch /export/home/arambula/asms/caract-optimas/mpga-asm-optimas 1fbw-u3-22-04.tif
104.12.20 20:00 B D:\fernando\ASMs\caract-optimas\mpga-asm-optimas\1resbwu3-22-04.tif <-- Ipswitch /export/home/arambula/asms/caract-optimas/mpga-asm-optimas 1resbwu3-22-04.tif
104.12.20 20:00 B D:\fernando\ASMs\caract-optimas\mpga-asm-optimas\asmfd_optimas1.m <-- Ipswitch /export/home/arambula/asms/caract-optimas/mpga-asm-optimas asmfd_optimas1.m
104.12.20 20:00 B D:\fernando\ASMs\caract-optimas\mpga-asm-optimas\busqueda_optimas1.m <-- Ipswitch /export/home/arambula/asms/caract-optimas/mpga-asm-optimas busqueda_optimas1.m
104.12.20 20:00 B D:\fernando\ASMs\caract-optimas\mpga-asm-optimas\calcula_car_opt2.m <-- Ipswitch /export/home/arambula/asms/caract-optimas/mpga-asm-optimas calcula_car_opt2.m
104.12.20 20:00 B D:\fernando\ASMs\caract-optimas\mpga-asm-optimas\calcula_M.m <-- Ipswitch /export/home/arambula/asms/caract-optimas/mpga-asm-optimas calcula_M.m
104.12.20 20:00 B D:\fernando\ASMs\caract-optimas\mpga-asm-optimas\car_opt_pros.txt <-- Ipswitch /export/home/arambula/asms/caract-optimas/mpga-asm-optimas car_opt_pros.txt
104.12.20 20:00 B D:\fernando\ASMs\caract-optimas\mpga-asm-optimas\DespliegaSalvaParcial.m <-- Ipswitch /export/home/arambula/asms/caract-optimas/mpga-asm-optimas DespliegaSalvaParcial.m
104.12.20 20:00 B D:\fernando\ASMs\caract-optimas\mpga-asm-optimas\eig_val_entrena_tu2.txt <-- Ipswitch /export/home/arambula/asms/caract-optimas/mpga-asm-optimas eig_val_entrena_tu2.txt
104.12.20 20:00 B D:\fernando\ASMs\caract-optimas\mpga-asm-optimas\eig_val_entrena_tu2_g64.txt <-- Ipswitch /export/home/arambula/asms/caract-optimas/mpga-asm-optimas eig_val_entrena_tu2_g64.txt
104.12.20 20:00 B D:\fernando\ASMs\caract-optimas\mpga-asm-optimas\eig_val_entrena_tu2_p25.txt <-- Ipswitch /export/home/arambula/asms/caract-optimas/mpga-asm-optimas eig_val_entrena_tu2_p25.txt
104.12.20 20:00 B D:\fernando\ASMs\caract-optimas\mpga-asm-optimas\eig_vec_entrena_tu2.txt <-- Ipswitch /export/home/arambula/asms/caract-optimas/mpga-asm-optimas eig_vec_entrena_tu2.txt
104.12.20 20:00 B D:\fernando\ASMs\caract-optimas\mpga-asm-optimas\eig_vec_entrena_tu2_g64.txt <-- Ipswitch /export/home/arambula/asms/caract-optimas/mpga-asm-optimas eig_vec_entrena_tu2_g64.txt
104.12.20 20:00 B D:\fernando\ASMs\caract-optimas\mpga-asm-optimas\eig_vec_entrena_tu2_p25.txt <-- Ipswitch /export/home/arambula/asms/caract-optimas/mpga-asm-optimas eig_vec_entrena_tu2_p25.txt
104.12.20 20:00 B D:\fernando\ASMs\caract-optimas\mpga-asm-optimas\evalua_contorno_optimas.m <-- Ipswitch /export/home/arambula/asms/caract-optimas/mpga-asm-optimas evalua_contorno_optimas.m
104.12.20 20:00 B D:\fernando\ASMs\caract-optimas\mpga-asm-optimas\evalua_perfil_optimas.m <-- Ipswitch /export/home/arambula/asms/caract-optimas/mpga-asm-optimas evalua_perfil_optimas.m
104.12.20 20:00 B D:\fernando\ASMs\caract-optimas\mpga-asm-optimas\f_alin_e2.m <-- Ipswitch /export/home/arambula/asms/caract-optimas/mpga-asm-optimas f_alin_e2.m
104.12.20 20:00 B D:\fernando\ASMs\caract-optimas\mpga-asm-optimas\fobj_gris_lip.m <-- Ipswitch /export/home/arambula/asms/caract-optimas/mpga-asm-optimas fobj_gris_lip.m
104.12.20 20:00 B D:\fernando\ASMs\caract-optimas\mpga-asm-optimas\fobj_mgm_ppbw.m <-- Ipswitch /export/home/arambula/asms/caract-optimas/mpga-asm-optimas fobj_mgm_ppbw.m
104.12.20 20:00 B D:\fernando\ASMs\caract-optimas\mpga-asm-optimas\fobj_optimas.m <-- Ipswitch /export/home/arambula/asms/caract-optimas/mpga-asm-optimas fobj_optimas.m
104.12.20 20:00 B D:\fernando\ASMs\caract-optimas\mpga-asm-optimas\g64-u3-15-03.tif <-- Ipswitch /export/home/arambula/asms/caract-optimas/mpga-asm-optimas g64-u3-15-03.tif
104.12.20 20:00 B D:\fernando\ASMs\caract-optimas\mpga-asm-optimas\g64-u3-16-01.tif <-- Ipswitch /export/home/arambula/asms/caract-optimas/mpga-asm-optimas g64-u3-16-01.tif
104.12.20 20:00 B D:\fernando\ASMs\caract-optimas\mpga-asm-optimas\g64-u3-16-02.tif <-- Ipswitch /export/home/arambula/asms/caract-optimas/mpga-asm-optimas g64-u3-16-02.tif
104.12.20 20:00 B D:\fernando\ASMs\caract-optimas\mpga-asm-optimas\g64-u3-19-00.tif <-- Ipswitch /export/home/arambula/asms/caract-optimas/mpga-asm-optimas g64-u3-19-00.tif
104.12.20 20:00 B D:\fernando\ASMs\caract-optimas\mpga-asm-optimas\g64-u3-19-04.tif <-- Ipswitch /export/home/arambula/asms/caract-optimas/mpga-asm-optimas g64-u3-19-04.tif
104.12.20 20:00 B D:\fernando\ASMs\caract-optimas\mpga-asm-optimas\g64-u3-20-05.tif <-- Ipswitch /export/home/arambula/asms/caract-optimas/mpga-asm-optimas g64-u3-20-05.tif
104.12.20 20:00 B D:\fernando\ASMs\caract-optimas\mpga-asm-optimas\g64-u3-20-06.tif <-- Ipswitch /export/home/arambula/asms/caract-optimas/mpga-asm-optimas g64-u3-20-06.tif
104.12.20 20:00 B D:\fernando\ASMs\caract-optimas\mpga-asm-optimas\g64-u3-22-02.tif <-- Ipswitch /export/home/arambula/asms/caract-optimas/mpga-asm-optimas g64-u3-22-02.tif
104.12.20 20:00 B D:\fernando\ASMs\caract-optimas\mpga-asm-optimas\g64-u3-22-04.tif <-- Ipswitch /export/home/arambula/asms/caract-optimas/mpga-asm-optimas g64-u3-22-04.tif
104.12.20 20:00 B D:\fernando\ASMs\caract-optimas\mpga-asm-optimas\interpolar_a1.m <-- Ipswitch /export/home/arambula/asms/caract-optimas/mpga-asm-optimas interpolar_a1.m
104.12.20 20:00 B D:\fernando\ASMs\caract-optimas\mpga-asm-optimas\interpolar_n.m <-- Ipswitch /export/home/arambula/asms/caract-optimas/mpga-asm-optimas interpolar_n.m
104.12.20 20:00 B D:\fernando\ASMs\caract-optimas\mpga-asm-optimas\interpolar_t.m <-- Ipswitch /export/home/arambula/asms/caract-optimas/mpga-asm-optimas interpolar_t.m
104.12.20 20:00 B D:\fernando\ASMs\caract-optimas\mpga-asm-optimas\knn_optimas1.m <-- Ipswitch /export/home/arambula/asms/caract-optimas/mpga-asm-optimas knn_optimas1.m
104.12.20 20:00 B D:\fernando\ASMs\caract-optimas\mpga-asm-optimas\media_entrena_tu2.txt <-- Ipswitch /export/home/arambula/asms/caract-optimas/mpga-asm-optimas media_entrena_tu2.txt
104.12.20 20:00 B D:\fernando\ASMs\caract-optimas\mpga-asm-optimas\media_entrena_tu2_g64.txt <-- Ipswitch /export/home/arambula/asms/caract-optimas/mpga-asm-optimas media_entrena_tu2_g64.txt
104.12.20 20:00 B D:\fernando\ASMs\caract-optimas\mpga-asm-optimas\media_entrena_tu2_p25.txt <-- Ipswitch /export/home/arambula/asms/caract-optimas/mpga-asm-optimas media_entrena_tu2_p25.txt
104.12.20 20:00 B D:\fernando\ASMs\caract-optimas\mpga-asm-optimas\mod_lip.m <-- Ipswitch /export/home/arambula/asms/caract-optimas/mpga-asm-optimas mod_lip.m
104.12.20 20:00 B D:\fernando\ASMs\caract-optimas\mpga-asm-optimas\mpag_asm_optimas.m~ <-- Ipswitch /export/home/arambula/asms/caract-optimas/mpga-asm-optimas mpag_asm_optimas.m~
104.12.20 20:00 B D:\fernando\ASMs\caract-optimas\mpga-asm-optimas\mpga_asm_optimas.m <-- Ipswitch /export/home/arambula/asms/caract-optimas/mpga-asm-optimas mpga_asm_optimas.m
104.12.20 20:00 B D:\fernando\ASMs\caract-optimas\mpga-asm-optimas\mpga_asm_optimas.m~ <-- Ipswitch /export/home/arambula/asms/caract-optimas/mpga-asm-optimas mpga_asm_optimas.m~
104.12.20 20:00 B D:\fernando\ASMs\caract-optimas\mpga-asm-optimas\mpga_asm_optimas1.m <-- Ipswitch /export/home/arambula/asms/caract-optimas/mpga-asm-optimas mpga_asm_optimas1.m
104.12.20 20:00 B D:\fernando\ASMs\caract-optimas\mpga-asm-optimas\mpga_opt_asm_opt.m <-- Ipswitch /export/home/arambula/asms/caract-optimas/mpga-asm-optimas mpga_opt_asm_opt.m
104.12.20 20:00 B D:\fernando\ASMs\caract-optimas\mpga-asm-optimas\mpmpag_mgm_ppbw_batch_lip3.m <-- Ipswitch /export/home/arambula/asms/caract-optimas/mpga-asm-optimas mpmpag_mgm_ppbw_batch_lip3.m
104.12.20 20:00 B D:\fernando\ASMs\caract-optimas\mpga-asm-optimas\ppbw7-u3-15-03.tif <-- Ipswitch /export/home/arambula/asms/caract-optimas/mpga-asm-optimas ppbw7-u3-15-03.tif
104.12.20 20:00 B D:\fernando\ASMs\caract-optimas\mpga-asm-optimas\ppbw705-u3-16-01.tif <-- Ipswitch /export/home/arambula/asms/caract-optimas/mpga-asm-optimas ppbw705-u3-16-01.tif
104.12.20 20:00 B D:\fernando\ASMs\caract-optimas\mpga-asm-optimas\ppbw705-u3-16-02.tif <-- Ipswitch /export/home/arambula/asms/caract-optimas/mpga-asm-optimas ppbw705-u3-16-02.tif
104.12.20 20:00 B D:\fernando\ASMs\caract-optimas\mpga-asm-optimas\ppbw705-u3-19-00.tif <-- Ipswitch /export/home/arambula/asms/caract-optimas/mpga-asm-optimas ppbw705-u3-19-00.tif
104.12.20 20:00 B D:\fernando\ASMs\caract-optimas\mpga-asm-optimas\ppbw705-u3-19-01.tif <-- Ipswitch /export/home/arambula/asms/caract-optimas/mpga-asm-optimas ppbw705-u3-19-01.tif
104.12.20 20:00 B D:\fernando\ASMs\caract-optimas\mpga-asm-optimas\ppbw705-u3-19-02.tif <-- Ipswitch /export/home/arambula/asms/caract-optimas/mpga-asm-optimas ppbw705-u3-19-02.tif
104.12.20 20:00 B D:\fernando\ASMs\caract-optimas\mpga-asm-optimas\ppbw705-u3-19-03.tif <-- Ipswitch /export/home/arambula/asms/caract-optimas/mpga-asm-optimas ppbw705-u3-19-03.tif
104.12.20 20:00 B D:\fernando\ASMs\caract-optimas\mpga-asm-optimas\ppbw705-u3-19-04.tif <-- Ipswitch /export/home/arambula/asms/caract-optimas/mpga-asm-optimas ppbw705-u3-19-04.tif
104.12.20 20:00 B D:\fernando\ASMs\caract-optimas\mpga-asm-optimas\ppbw705-u3-19-05.tif <-- Ipswitch /export/home/arambula/asms/caract-optimas/mpga-asm-optimas ppbw705-u3-19-05.tif
104.12.20 20:00 B D:\fernando\ASMs\caract-optimas\mpga-asm-optimas\ppbw705-u3-19-06.tif <-- Ipswitch /export/home/arambula/asms/caract-optimas/mpga-asm-optimas ppbw705-u3-19-06.tif
104.12.20 20:00 B D:\fernando\ASMs\caract-optimas\mpga-asm-optimas\ppbw705-u3-20-05.tif <-- Ipswitch /export/home/arambula/asms/caract-optimas/mpga-asm-optimas ppbw705-u3-20-05.tif
104.12.20 20:00 B D:\fernando\ASMs\caract-optimas\mpga-asm-optimas\ppbw705-u3-20-06.tif <-- Ipswitch /export/home/arambula/asms/caract-optimas/mpga-asm-optimas ppbw705-u3-20-06.tif
104.12.20 20:00 B D:\fernando\ASMs\caract-optimas\mpga-asm-optimas\ppbw705-u3-20-07.tif <-- Ipswitch /export/home/arambula/asms/caract-optimas/mpga-asm-optimas ppbw705-u3-20-07.tif
104.12.20 20:00 B D:\fernando\ASMs\caract-optimas\mpga-asm-optimas\ppbw705-u3-20-08.tif <-- Ipswitch /export/home/arambula/asms/caract-optimas/mpga-asm-optimas ppbw705-u3-20-08.tif
104.12.20 20:00 B D:\fernando\ASMs\caract-optimas\mpga-asm-optimas\ppbw705-u3-20-09.tif <-- Ipswitch /export/home/arambula/asms/caract-optimas/mpga-asm-optimas ppbw705-u3-20-09.tif
104.12.20 20:00 B D:\fernando\ASMs\caract-optimas\mpga-asm-optimas\ppbw705-u3-20-10.tif <-- Ipswitch /export/home/arambula/asms/caract-optimas/mpga-asm-optimas ppbw705-u3-20-10.tif
104.12.20 20:00 B D:\fernando\ASMs\caract-optimas\mpga-asm-optimas\ppbw705-u3-22-01.tif <-- Ipswitch /export/home/arambula/asms/caract-optimas/mpga-asm-optimas ppbw705-u3-22-01.tif
104.12.20 20:00 B D:\fernando\ASMs\caract-optimas\mpga-asm-optimas\ppbw705-u3-22-02.tif <-- Ipswitch /export/home/arambula/asms/caract-optimas/mpga-asm-optimas ppbw705-u3-22-02.tif
104.12.20 20:00 B D:\fernando\ASMs\caract-optimas\mpga-asm-optimas\ppbw705-u3-22-03.tif <-- Ipswitch /export/home/arambula/asms/caract-optimas/mpga-asm-optimas ppbw705-u3-22-03.tif
104.12.20 20:00 B D:\fernando\ASMs\caract-optimas\mpga-asm-optimas\ppbw705-u3-22-04.tif <-- Ipswitch /export/home/arambula/asms/caract-optimas/mpga-asm-optimas ppbw705-u3-22-04.tif
104.12.20 20:00 B D:\fernando\ASMs\caract-optimas\mpga-asm-optimas\ppbw705-u3-22-05.tif <-- Ipswitch /export/home/arambula/asms/caract-optimas/mpga-asm-optimas ppbw705-u3-22-05.tif
104.12.20 20:00 B D:\fernando\ASMs\caract-optimas\mpga-asm-optimas\ppbw705-u3-22-06.tif <-- Ipswitch /export/home/arambula/asms/caract-optimas/mpga-asm-optimas ppbw705-u3-22-06.tif
104.12.20 20:00 B D:\fernando\ASMs\caract-optimas\mpga-asm-optimas\ppbw705-u3-22-07.tif <-- Ipswitch /export/home/arambula/asms/caract-optimas/mpga-asm-optimas ppbw705-u3-22-07.tif
104.12.20 20:00 B D:\fernando\ASMs\caract-optimas\mpga-asm-optimas\prom_255_menosIn_masOut.m <-- Ipswitch /export/home/arambula/asms/caract-optimas/mpga-asm-optimas prom_255_menosIn_masOut.m
104.12.20 20:00 B D:\fernando\ASMs\caract-optimas\mpga-asm-optimas\prom_d.m <-- Ipswitch /export/home/arambula/asms/caract-optimas/mpga-asm-optimas prom_d.m
104.12.20 20:00 B D:\fernando\ASMs\caract-optimas\mpga-asm-optimas\u3-22-04.bmp <-- Ipswitch /export/home/arambula/asms/caract-optimas/mpga-asm-optimas u3-22-04.bmp
104.12.20 20:00 B D:\fernando\ASMs\caract-optimas\mpga-asm-optimas\v5x5_60car_u3-14-06.txt <-- Ipswitch /export/home/arambula/asms/caract-optimas/mpga-asm-optimas v5x5_60car_u3-14-06.txt
104.12.20 20:00 B D:\fernando\ASMs\caract-optimas\mpga-asm-optimas\v5x5_60car_u3-15-05.txt <-- Ipswitch /export/home/arambula/asms/caract-optimas/mpga-asm-optimas v5x5_60car_u3-15-05.txt
104.12.20 20:00 B D:\fernando\ASMs\caract-optimas\mpga-asm-optimas\v5x5_60car_u3-16-04.txt <-- Ipswitch /export/home/arambula/asms/caract-optimas/mpga-asm-optimas v5x5_60car_u3-16-04.txt
